<?xml version="1.0" encoding="UTF-8"?>
<testsuite xmlns:xsi="http://www.w3.org/2001/XMLSchema-instance" xsi:noNamespaceSchemaLocation="https://maven.apache.org/surefire/maven-surefire-plugin/xsd/surefire-test-report-3.0.xsd" version="3.0" name="com.rafa.spring_boot_bertoti.SpringBootBertotiApplicationTests" time="3.55" tests="1" errors="0" skipped="0" failures="0">
  <properties>
[...]
</properties>
  <testcase name="contextLoads" classname="com.rafa.spring_boot_bertoti.SpringBootBertotiApplicationTests" time="1.237">
    <system-out><![CDATA[10:41:40.247 [main] INFO org.springframework.test.context.support.AnnotationConfigContextLoaderUtils -- Could not detect default configuration classes for test class [com.rafa.spring_boot_bertoti.SpringBootBertotiApplicationTests]: SpringBootBertotiApplicationTests does not declare any static, non-private, non-final, nested classes annotated with @Configuration.
10:41:40.346 [main] INFO org.springframework.boot.test.context.SpringBootTestContextBootstrapper -- Found @SpringBootConfiguration com.rafa.spring_boot_bertoti.SpringBootBertotiApplication for test class com.rafa.spring_boot_bertoti.SpringBootBertotiApplicationTests
10:41:40.533 [main] INFO org.springframework.boot.devtools.restart.RestartApplicationListener -- Restart disabled due to context in which it is running

  .   ____          _            __ _ _
 /\\ / ___'_ __ _ _(_)_ __  __ _ \ \ \ \
( ( )\___ | '_ | '_| | '_ \/ _` | \ \ \ \
 \\/  ___)| |_)| | | | | || (_| |  ) ) ) )
  '  |____| .__|_| |_|_| |_\__, | / / / /
 =========|_|==============|___/=/_/_/_/
 :: Spring Boot ::                (v3.2.5)

2025-04-30T10:41:40.804-03:00  INFO 17080 --- [spring-boot-bertoti] [           main] c.r.s.SpringBootBertotiApplicationTests  : Starting SpringBootBertotiApplicationTests using Java 17.0.15 with PID 17080 (started by rafa_ in C:\Users\rafa_\Desktop\spring-boot-bertoti)
2025-04-30T10:41:40.806-03:00  INFO 17080 --- [spring-boot-bertoti] [           main] c.r.s.SpringBootBertotiApplicationTests  : No active profile set, falling back to 1 default profile: "default"
2025-04-30T10:41:42.375-03:00  INFO 17080 --- [spring-boot-bertoti] [           main] c.r.s.SpringBootBertotiApplicationTests  : Started SpringBootBertotiApplicationTests in 1.863 seconds (process running for 2.819)
]]></system-out>
  </testcase>
</testsuite>